<?xml version="1.0" encoding="UTF-8"?>
<testng-results skipped="0" failed="0" ignored="0" total="1" passed="1">
  <reporter-output>
  </reporter-output>
  <suite name="Suite" duration-ms="10535" started-at="2018-11-09T11:51:09Z" finished-at="2018-11-09T11:51:19Z">
    <groups>
    </groups>
    <test name="Test" duration-ms="10535" started-at="2018-11-09T11:51:09Z" finished-at="2018-11-09T11:51:19Z">
      <class name="hani.maven1.AppTest">
        <test-method status="PASS" signature="guru99tutorials()[pri:0, instance:hani.maven1.AppTest@d56d67]" name="guru99tutorials" duration-ms="10513" started-at="2018-11-09T11:51:09Z" finished-at="2018-11-09T11:51:19Z">
          <reporter-output>
          </reporter-output>
        </test-method> <!-- guru99tutorials -->
      </class> <!-- hani.maven1.AppTest -->
    </test> <!-- Test -->
  </suite> <!-- Suite -->
</testng-results>
